2018-09-11 14:52:12,897:DEBUG:Starting new HTTPS connection (1): slack.com:443
2018-09-11 14:52:13,021:DEBUG:https://slack.com:443 "POST /api/rtm.connect HTTP/1.1" 200 55
2018-09-11 15:26:57,669:DEBUG:Starting new HTTPS connection (1): slack.com:443
2018-09-11 15:26:57,807:DEBUG:https://slack.com:443 "POST /api/rtm.connect HTTP/1.1" 200 55
2018-09-11 15:32:14,757:DEBUG:Starting new HTTPS connection (1): slack.com:443
2018-09-11 15:32:14,866:DEBUG:https://slack.com:443 "POST /api/rtm.connect HTTP/1.1" 200 55
2018-09-11 15:35:51,216:DEBUG:Starting new HTTPS connection (1): slack.com:443
2018-09-11 15:35:51,334:DEBUG:https://slack.com:443 "POST /api/rtm.connect HTTP/1.1" 200 55
2018-09-11 15:36:41,741:DEBUG:Starting new HTTPS connection (1): slack.com:443
2018-09-11 15:36:41,883:DEBUG:https://slack.com:443 "POST /api/rtm.connect HTTP/1.1" 200 55
2018-09-11 15:37:36,206:DEBUG:Starting new HTTPS connection (1): slack.com:443
2018-09-11 15:37:36,329:DEBUG:https://slack.com:443 "POST /api/rtm.connect HTTP/1.1" 200 55
2018-09-11 15:40:15,477:DEBUG:Starting new HTTPS connection (1): slack.com:443
2018-09-11 15:40:15,949:DEBUG:https://slack.com:443 "POST /api/rtm.connect HTTP/1.1" 200 55
2018-09-11 17:06:00,797:DEBUG:Starting new HTTPS connection (1): slack.com:443
2018-09-11 17:06:00,934:DEBUG:https://slack.com:443 "POST /api/rtm.connect HTTP/1.1" 200 55
2018-09-11 23:10:58,737:DEBUG:Starting new HTTPS connection (1): slack.com:443
2018-09-11 23:10:59,121:DEBUG:https://slack.com:443 "POST /api/rtm.connect HTTP/1.1" 200 55
2018-09-11 23:12:20,828:DEBUG:Starting new HTTPS connection (1): slack.com:443
2018-09-11 23:12:21,166:DEBUG:https://slack.com:443 "POST /api/rtm.connect HTTP/1.1" 200 55
2018-09-11 23:12:44,309:DEBUG:Starting new HTTPS connection (1): slack.com:443
2018-09-11 23:12:45,002:DEBUG:https://slack.com:443 "POST /api/rtm.connect HTTP/1.1" 200 258
2018-09-11 23:12:45,514:DEBUG:RTM connected
2018-09-11 23:12:45,514:INFO:KitKat Bot connected and running!
2018-09-11 23:12:45,518:DEBUG:Starting new HTTPS connection (1): slack.com:443
2018-09-11 23:12:45,888:DEBUG:https://slack.com:443 "POST /api/auth.test HTTP/1.1" 200 128
2018-09-11 23:13:38,098:DEBUG:Starting new HTTPS connection (1): slack.com:443
2018-09-11 23:13:38,456:DEBUG:https://slack.com:443 "POST /api/chat.postMessage HTTP/1.1" 200 192
2018-09-11 23:14:33,688:DEBUG:Starting new HTTPS connection (1): slack.com:443
2018-09-11 23:14:34,186:DEBUG:https://slack.com:443 "POST /api/chat.postMessage HTTP/1.1" 200 160
2018-09-11 23:14:56,429:DEBUG:Starting new HTTPS connection (1): slack.com:443
2018-09-11 23:14:56,774:DEBUG:https://slack.com:443 "POST /api/rtm.connect HTTP/1.1" 200 259
2018-09-11 23:14:57,287:DEBUG:RTM connected
2018-09-11 23:14:57,288:INFO:KitKat Bot connected and running!
2018-09-11 23:14:57,291:DEBUG:Starting new HTTPS connection (1): slack.com:443
2018-09-11 23:14:57,610:DEBUG:https://slack.com:443 "POST /api/auth.test HTTP/1.1" 200 128
2018-09-11 23:16:06,489:DEBUG:Starting new HTTPS connection (1): slack.com:443
2018-09-11 23:16:06,845:DEBUG:https://slack.com:443 "POST /api/rtm.connect HTTP/1.1" 200 259
2018-09-11 23:16:07,369:DEBUG:RTM connected
2018-09-11 23:16:07,370:INFO:KitKat Bot connected and running!
2018-09-11 23:16:07,373:DEBUG:Starting new HTTPS connection (1): slack.com:443
2018-09-11 23:16:07,722:DEBUG:https://slack.com:443 "POST /api/auth.test HTTP/1.1" 200 128
2018-09-11 23:16:18,772:DEBUG:Starting new HTTPS connection (1): slack.com:443
2018-09-11 23:16:19,102:DEBUG:https://slack.com:443 "POST /api/users.list HTTP/1.1" 200 4484
2018-09-11 23:17:24,060:DEBUG:Starting new HTTPS connection (1): slack.com:443
2018-09-11 23:17:24,466:DEBUG:https://slack.com:443 "POST /api/rtm.connect HTTP/1.1" 200 260
2018-09-11 23:17:24,996:DEBUG:RTM connected
2018-09-11 23:17:24,996:INFO:KitKat Bot connected and running!
2018-09-11 23:17:25,003:DEBUG:Starting new HTTPS connection (1): slack.com:443
2018-09-11 23:17:25,394:DEBUG:https://slack.com:443 "POST /api/auth.test HTTP/1.1" 200 128
2018-09-11 23:17:39,464:DEBUG:Starting new HTTPS connection (1): slack.com:443
2018-09-11 23:17:39,798:DEBUG:https://slack.com:443 "POST /api/users.list HTTP/1.1" 200 4484
2018-09-11 23:17:39,808:DEBUG:Starting new HTTPS connection (1): slack.com:443
2018-09-11 23:17:40,251:DEBUG:https://slack.com:443 "POST /api/chat.postMessage HTTP/1.1" 200 270
2018-09-11 23:20:53,841:DEBUG:Starting new HTTPS connection (1): slack.com:443
2018-09-11 23:20:54,234:DEBUG:https://slack.com:443 "POST /api/rtm.connect HTTP/1.1" 200 259
2018-09-11 23:20:55,766:DEBUG:RTM connected
2018-09-11 23:20:55,766:INFO:KitKat Bot connected and running!
2018-09-11 23:20:55,770:DEBUG:Starting new HTTPS connection (1): slack.com:443
2018-09-11 23:20:56,118:DEBUG:https://slack.com:443 "POST /api/auth.test HTTP/1.1" 200 128
2018-09-11 23:21:08,152:DEBUG:Starting new HTTPS connection (1): slack.com:443
2018-09-11 23:21:08,591:DEBUG:https://slack.com:443 "POST /api/users.list HTTP/1.1" 200 4484
2018-09-11 23:21:08,600:DEBUG:Starting new HTTPS connection (1): slack.com:443
2018-09-11 23:21:08,962:DEBUG:https://slack.com:443 "POST /api/chat.postMessage HTTP/1.1" 200 289
2018-09-11 23:41:20,311:DEBUG:Starting new HTTPS connection (1): slack.com:443
2018-09-11 23:41:20,651:DEBUG:https://slack.com:443 "POST /api/rtm.connect HTTP/1.1" 200 259
2018-09-11 23:41:22,488:DEBUG:RTM connected
2018-09-11 23:41:22,489:INFO:KitKat Bot connected and running!
2018-09-11 23:41:22,492:DEBUG:Starting new HTTPS connection (1): slack.com:443
2018-09-11 23:41:23,293:DEBUG:https://slack.com:443 "POST /api/auth.test HTTP/1.1" 200 128
2018-09-11 23:41:48,392:DEBUG:Starting new HTTPS connection (1): slack.com:443
2018-09-11 23:41:48,787:DEBUG:https://slack.com:443 "POST /api/users.list HTTP/1.1" 200 4484
2018-09-11 23:41:48,796:DEBUG:Starting new HTTPS connection (1): slack.com:443
2018-09-11 23:41:49,126:DEBUG:https://slack.com:443 "POST /api/chat.postMessage HTTP/1.1" 200 289
2018-09-12 10:42:54,409:DEBUG:Starting new HTTPS connection (1): slack.com:443
2018-09-12 10:42:54,594:DEBUG:https://slack.com:443 "POST /api/rtm.connect HTTP/1.1" 200 255
2018-09-12 10:42:54,782:DEBUG:RTM connected
2018-09-12 10:42:54,782:INFO:KitKat Bot connected and running!
2018-09-12 10:42:54,786:DEBUG:Starting new HTTPS connection (1): slack.com:443
2018-09-12 10:42:54,904:DEBUG:https://slack.com:443 "POST /api/auth.test HTTP/1.1" 200 128
2018-09-12 10:43:27,010:DEBUG:Starting new HTTPS connection (1): slack.com:443
2018-09-12 10:43:27,175:DEBUG:https://slack.com:443 "POST /api/chat.postMessage HTTP/1.1" 200 191
2018-09-12 10:43:36,222:DEBUG:Starting new HTTPS connection (1): slack.com:443
2018-09-12 10:43:36,372:DEBUG:https://slack.com:443 "POST /api/apps.list HTTP/1.1" 200 65
2018-09-12 10:43:36,378:DEBUG:Starting new HTTPS connection (1): slack.com:443
2018-09-12 10:43:36,535:DEBUG:https://slack.com:443 "POST /api/chat.postMessage HTTP/1.1" 200 179
2018-09-12 10:43:58,625:DEBUG:Starting new HTTPS connection (1): slack.com:443
2018-09-12 10:43:58,773:DEBUG:https://slack.com:443 "POST /api/chat.postMessage HTTP/1.1" 200 179
2018-09-12 11:36:15,449:DEBUG:Starting new HTTPS connection (1): slack.com:443
2018-09-12 11:36:15,637:DEBUG:https://slack.com:443 "POST /api/rtm.connect HTTP/1.1" 200 261
2018-09-12 11:36:15,822:DEBUG:RTM connected
2018-09-12 11:36:15,822:INFO:KitKat Bot connected and running!
2018-09-12 11:36:15,825:DEBUG:Starting new HTTPS connection (1): slack.com:443
2018-09-12 11:36:15,967:DEBUG:https://slack.com:443 "POST /api/auth.test HTTP/1.1" 200 128
2018-09-12 11:36:38,023:DEBUG:Starting new HTTPS connection (1): slack.com:443
2018-09-12 11:36:38,152:DEBUG:https://slack.com:443 "POST /api/channels.leave HTTP/1.1" 200 65
2018-09-12 11:36:38,157:DEBUG:Starting new HTTPS connection (1): slack.com:443
2018-09-12 11:36:38,362:DEBUG:https://slack.com:443 "POST /api/chat.postMessage HTTP/1.1" 200 156
2018-09-12 13:53:55,053:DEBUG:Starting new HTTPS connection (1): slack.com:443
2018-09-12 13:53:55,279:DEBUG:https://slack.com:443 "POST /api/rtm.connect HTTP/1.1" 200 260
2018-09-12 13:53:55,465:DEBUG:RTM connected
2018-09-12 13:53:55,465:INFO:KitKat Bot connected and running!
2018-09-12 13:53:55,468:DEBUG:Starting new HTTPS connection (1): slack.com:443
2018-09-12 13:53:55,638:DEBUG:https://slack.com:443 "POST /api/auth.test HTTP/1.1" 200 128
2018-09-12 13:55:00,868:DEBUG:Starting new HTTPS connection (1): slack.com:443
2018-09-12 13:55:01,074:DEBUG:https://slack.com:443 "POST /api/chat.postMessage HTTP/1.1" 200 178
2018-09-12 13:55:26,166:DEBUG:Starting new HTTPS connection (1): slack.com:443
2018-09-12 13:55:26,348:DEBUG:https://slack.com:443 "POST /api/users.list HTTP/1.1" 200 4484
2018-09-12 13:55:26,487:DEBUG:Starting new HTTPS connection (1): slack.com:443
2018-09-12 13:55:26,675:DEBUG:https://slack.com:443 "POST /api/chat.postMessage HTTP/1.1" 200 289
2018-09-12 13:55:35,713:DEBUG:Starting new HTTPS connection (1): slack.com:443
2018-09-12 13:55:35,909:DEBUG:https://slack.com:443 "POST /api/chat.postMessage HTTP/1.1" 200 166
2018-09-12 13:55:46,956:DEBUG:Starting new HTTPS connection (1): slack.com:443
2018-09-12 13:55:47,191:DEBUG:https://slack.com:443 "POST /api/chat.postMessage HTTP/1.1" 200 156
2018-09-12 13:58:29,318:DEBUG:Starting new HTTPS connection (1): slack.com:443
2018-09-12 13:58:29,517:DEBUG:https://slack.com:443 "POST /api/rtm.connect HTTP/1.1" 200 258
2018-09-12 13:58:29,702:DEBUG:RTM connected
2018-09-12 13:58:29,702:INFO:KitKat Bot connected and running!
2018-09-12 13:58:29,705:DEBUG:Starting new HTTPS connection (1): slack.com:443
2018-09-12 13:58:29,867:DEBUG:https://slack.com:443 "POST /api/auth.test HTTP/1.1" 200 128
2018-09-12 13:58:40,896:DEBUG:Starting new HTTPS connection (1): slack.com:443
2018-09-12 13:58:41,088:DEBUG:https://slack.com:443 "POST /api/users.list HTTP/1.1" 200 4485
2018-09-12 13:58:41,345:DEBUG:Starting new HTTPS connection (1): slack.com:443
2018-09-12 13:58:41,541:DEBUG:https://slack.com:443 "POST /api/chat.postMessage HTTP/1.1" 200 289
2018-09-12 14:02:14,720:DEBUG:Starting new HTTPS connection (1): slack.com:443
2018-09-12 14:02:14,916:DEBUG:https://slack.com:443 "POST /api/rtm.connect HTTP/1.1" 200 259
2018-09-12 14:02:15,109:DEBUG:RTM connected
2018-09-12 14:02:15,109:INFO:KitKat Bot connected and running!
2018-09-12 14:02:15,112:DEBUG:Starting new HTTPS connection (1): slack.com:443
2018-09-12 14:02:15,279:DEBUG:https://slack.com:443 "POST /api/auth.test HTTP/1.1" 200 128
2018-09-12 14:02:39,358:DEBUG:Starting new HTTPS connection (1): slack.com:443
2018-09-12 14:02:39,554:DEBUG:https://slack.com:443 "POST /api/users.list HTTP/1.1" 200 4484
2018-09-12 14:02:39,563:DEBUG:Starting new HTTPS connection (1): slack.com:443
2018-09-12 14:02:39,770:DEBUG:https://slack.com:443 "POST /api/chat.postMessage HTTP/1.1" 200 218
2018-09-12 14:30:31,605:DEBUG:Starting new HTTPS connection (1): slack.com:443
2018-09-12 14:30:31,817:DEBUG:https://slack.com:443 "POST /api/rtm.connect HTTP/1.1" 200 260
2018-09-12 14:30:31,999:DEBUG:RTM connected
2018-09-12 14:30:31,999:INFO:KitKat Bot connected and running!
2018-09-12 14:30:32,001:DEBUG:Starting new HTTPS connection (1): slack.com:443
2018-09-12 14:30:32,174:DEBUG:https://slack.com:443 "POST /api/auth.test HTTP/1.1" 200 128
2018-09-12 14:30:57,270:DEBUG:Starting new HTTPS connection (1): slack.com:443
2018-09-12 14:30:57,469:DEBUG:https://slack.com:443 "POST /api/chat.postMessage HTTP/1.1" 200 222
2018-09-12 14:31:55,524:DEBUG:Starting new HTTPS connection (1): slack.com:443
2018-09-12 14:31:55,724:DEBUG:https://slack.com:443 "POST /api/rtm.connect HTTP/1.1" 200 257
2018-09-12 14:31:55,914:DEBUG:RTM connected
2018-09-12 14:31:55,914:INFO:KitKat Bot connected and running!
2018-09-12 14:31:55,917:DEBUG:Starting new HTTPS connection (1): slack.com:443
2018-09-12 14:31:56,089:DEBUG:https://slack.com:443 "POST /api/auth.test HTTP/1.1" 200 128
2018-09-12 14:32:08,138:DEBUG:Starting new HTTPS connection (1): slack.com:443
2018-09-12 14:32:08,325:DEBUG:https://slack.com:443 "POST /api/chat.postMessage HTTP/1.1" 200 162
2018-09-12 14:32:39,448:DEBUG:Starting new HTTPS connection (1): slack.com:443
2018-09-12 14:32:41,534:DEBUG:https://slack.com:443 "POST /api/chat.postMessage HTTP/1.1" 200 162
2018-09-12 14:33:12,663:DEBUG:Starting new HTTPS connection (1): slack.com:443
2018-09-12 14:33:15,635:DEBUG:https://slack.com:443 "POST /api/chat.postMessage HTTP/1.1" 200 222
2018-09-12 14:34:33,658:DEBUG:Starting new HTTPS connection (1): slack.com:443
2018-09-12 14:34:33,830:DEBUG:https://slack.com:443 "POST /api/rtm.connect HTTP/1.1" 200 260
2018-09-12 14:34:34,013:DEBUG:RTM connected
2018-09-12 14:34:34,013:INFO:KitKat Bot connected and running!
2018-09-12 14:34:34,016:DEBUG:Starting new HTTPS connection (1): slack.com:443
2018-09-12 14:34:34,180:DEBUG:https://slack.com:443 "POST /api/auth.test HTTP/1.1" 200 128
2018-09-12 14:34:42,215:DEBUG:Starting new HTTPS connection (1): slack.com:443
2018-09-12 14:34:42,364:DEBUG:https://slack.com:443 "POST /api/chat.postMessage HTTP/1.1" 200 221
2018-09-12 14:35:20,271:DEBUG:Starting new HTTPS connection (1): slack.com:443
2018-09-12 14:35:20,770:DEBUG:https://slack.com:443 "POST /api/rtm.connect HTTP/1.1" 200 259
2018-09-12 14:35:20,964:DEBUG:RTM connected
2018-09-12 14:35:20,964:INFO:KitKat Bot connected and running!
2018-09-12 14:35:20,967:DEBUG:Starting new HTTPS connection (1): slack.com:443
2018-09-12 14:35:21,095:DEBUG:https://slack.com:443 "POST /api/auth.test HTTP/1.1" 200 128
